# JRE version: Java(TM) SE Runtime Environment (8.0_162-b12) (build 1.8.0_162-b12)
# Java VM: Java HotSpot(TM) 64-Bit Server VM (25.162-b12 mixed mode windows-amd64 compressed oops)
Heap:
 PSYoungGen      total 128512K, used 80424K [0x00000000eab00000, 0x00000000f3500000, 0x0000000100000000)
  eden space 117760K, 68% used [0x00000000eab00000,0x00000000ef98a0a0,0x00000000f1e00000)
  from space 10752K, 0% used [0x00000000f2a80000,0x00000000f2a80000,0x00000000f3500000)
  to   space 11776K, 0% used [0x00000000f1e00000,0x00000000f1e00000,0x00000000f2980000)
 ParOldGen       total 50688K, used 22284K [0x00000000c0000000, 0x00000000c3180000, 0x00000000eab00000)
  object space 50688K, 43% used [0x00000000c0000000,0x00000000c15c3368,0x00000000c3180000)
 Metaspace       used 38432K, capacity 39410K, committed 39512K, reserved 1083392K
  class space    used 5478K, capacity 5729K, committed 5760K, reserved 1048576K
GC Heap History (10 events):
Event: 6.458 GC heap before
{Heap before GC invocations=8 (full 1):
 PSYoungGen      total 71168K, used 67178K [0x00000000eab00000, 0x00000000efe00000, 0x0000000100000000)
  eden space 63488K, 100% used [0x00000000eab00000,0x00000000ee900000,0x00000000ee900000)
  from space 7680K, 48% used [0x00000000ef680000,0x00000000efa1a980,0x00000000efe00000)
  to   space 10752K, 0% used [0x00000000ee900000,0x00000000ee900000,0x00000000ef380000)
 ParOldGen       total 50688K, used 9550K [0x00000000c0000000, 0x00000000c3180000, 0x00000000eab00000)
  object space 50688K, 18% used [0x00000000c0000000,0x00000000c09538d0,0x00000000c3180000)
 Metaspace       used 27141K, capacity 27708K, committed 27904K, reserved 1073152K
  class space    used 3866K, capacity 4017K, committed 4096K, reserved 1048576K
Event: 6.468 GC heap after
Heap after GC invocations=8 (full 1):
 PSYoungGen      total 74240K, used 7322K [0x00000000eab00000, 0x00000000f3500000, 0x0000000100000000)
  eden space 63488K, 0% used [0x00000000eab00000,0x00000000eab00000,0x00000000ee900000)
  from space 10752K, 68% used [0x00000000ee900000,0x00000000ef026b20,0x00000000ef380000)
  to   space 10752K, 0% used [0x00000000f2a80000,0x00000000f2a80000,0x00000000f3500000)
 ParOldGen       total 50688K, used 9558K [0x00000000c0000000, 0x00000000c3180000, 0x00000000eab00000)
  object space 50688K, 18% used [0x00000000c0000000,0x00000000c09558d0,0x00000000c3180000)
 Metaspace       used 27141K, capacity 27708K, committed 27904K, reserved 1073152K
  class space    used 3866K, capacity 4017K, committed 4096K, reserved 1048576K
}
Event: 7.640 GC heap before
{Heap before GC invocations=9 (full 1):
 PSYoungGen      total 74240K, used 70810K [0x00000000eab00000, 0x00000000f3500000, 0x0000000100000000)
  eden space 63488K, 100% used [0x00000000eab00000,0x00000000ee900000,0x00000000ee900000)
  from space 10752K, 68% used [0x00000000ee900000,0x00000000ef026b20,0x00000000ef380000)
  to   space 10752K, 0% used [0x00000000f2a80000,0x00000000f2a80000,0x00000000f3500000)
 ParOldGen       total 50688K, used 9558K [0x00000000c0000000, 0x00000000c3180000, 0x00000000eab00000)
  object space 50688K, 18% used [0x00000000c0000000,0x00000000c09558d0,0x00000000c3180000)
 Metaspace       used 30536K, capacity 31072K, committed 31360K, reserved 1077248K
  class space    used 4330K, capacity 4474K, committed 4480K, reserved 1048576K
Event: 7.658 GC heap after
Heap after GC invocations=9 (full 1):
 PSYoungGen      total 128512K, used 9086K [0x00000000eab00000, 0x00000000f3500000, 0x0000000100000000)
  eden space 117760K, 0% used [0x00000000eab00000,0x00000000eab00000,0x00000000f1e00000)
  from space 10752K, 84% used [0x00000000f2a80000,0x00000000f335f9b8,0x00000000f3500000)
  to   space 11776K, 0% used [0x00000000f1e00000,0x00000000f1e00000,0x00000000f2980000)
 ParOldGen       total 50688K, used 9566K [0x00000000c0000000, 0x00000000c3180000, 0x00000000eab00000)
  object space 50688K, 18% used [0x00000000c0000000,0x00000000c09578d0,0x00000000c3180000)
 Metaspace       used 30536K, capacity 31072K, committed 31360K, reserved 1077248K
  class space    used 4330K, capacity 4474K, committed 4480K, reserved 1048576K
}
Event: 8.989 GC heap before
{Heap before GC invocations=10 (full 1):
 PSYoungGen      total 128512K, used 126846K [0x00000000eab00000, 0x00000000f3500000, 0x0000000100000000)
  eden space 117760K, 100% used [0x00000000eab00000,0x00000000f1e00000,0x00000000f1e00000)
  from space 10752K, 84% used [0x00000000f2a80000,0x00000000f335f9b8,0x00000000f3500000)
  to   space 11776K, 0% used [0x00000000f1e00000,0x00000000f1e00000,0x00000000f2980000)
 ParOldGen       total 50688K, used 9566K [0x00000000c0000000, 0x00000000c3180000, 0x00000000eab00000)
  object space 50688K, 18% used [0x00000000c0000000,0x00000000c09578d0,0x00000000c3180000)
 Metaspace       used 34449K, capacity 35112K, committed 35416K, reserved 1079296K
  class space    used 4961K, capacity 5173K, committed 5248K, reserved 1048576K
Event: 9.023 GC heap after
Heap after GC invocations=10 (full 1):
 PSYoungGen      total 129536K, used 11760K [0x00000000eab00000, 0x00000000f3500000, 0x0000000100000000)
  eden space 117760K, 0% used [0x00000000eab00000,0x00000000eab00000,0x00000000f1e00000)
  from space 11776K, 99% used [0x00000000f1e00000,0x00000000f297c010,0x00000000f2980000)
  to   space 10752K, 0% used [0x00000000f2a80000,0x00000000f2a80000,0x00000000f3500000)
 ParOldGen       total 50688K, used 15096K [0x00000000c0000000, 0x00000000c3180000, 0x00000000eab00000)
  object space 50688K, 29% used [0x00000000c0000000,0x00000000c0ebe3b8,0x00000000c3180000)
 Metaspace       used 34449K, capacity 35112K, committed 35416K, reserved 1079296K
  class space    used 4961K, capacity 5173K, committed 5248K, reserved 1048576K
}
Event: 9.062 GC heap before
{Heap before GC invocations=11 (full 1):
 PSYoungGen      total 129536K, used 18556K [0x00000000eab00000, 0x00000000f3500000, 0x0000000100000000)
  eden space 117760K, 5% used [0x00000000eab00000,0x00000000eb1a30b8,0x00000000f1e00000)
  from space 11776K, 99% used [0x00000000f1e00000,0x00000000f297c010,0x00000000f2980000)
  to   space 10752K, 0% used [0x00000000f2a80000,0x00000000f2a80000,0x00000000f3500000)
 ParOldGen       total 50688K, used 15096K [0x00000000c0000000, 0x00000000c3180000, 0x00000000eab00000)
  object space 50688K, 29% used [0x00000000c0000000,0x00000000c0ebe3b8,0x00000000c3180000)
 Metaspace       used 34523K, capacity 35266K, committed 35416K, reserved 1079296K
  class space    used 4978K, capacity 5247K, committed 5248K, reserved 1048576K
Event: 9.094 GC heap after
Heap after GC invocations=11 (full 1):
 PSYoungGen      total 128512K, used 7216K [0x00000000eab00000, 0x00000000f3500000, 0x0000000100000000)
  eden space 117760K, 0% used [0x00000000eab00000,0x00000000eab00000,0x00000000f1e00000)
  from space 10752K, 67% used [0x00000000f2a80000,0x00000000f318c010,0x00000000f3500000)
  to   space 11776K, 0% used [0x00000000f1e00000,0x00000000f1e00000,0x00000000f2980000)
 ParOldGen       total 50688K, used 20304K [0x00000000c0000000, 0x00000000c3180000, 0x00000000eab00000)
  object space 50688K, 40% used [0x00000000c0000000,0x00000000c13d4138,0x00000000c3180000)
 Metaspace       used 34523K, capacity 35266K, committed 35416K, reserved 1079296K
  class space    used 4978K, capacity 5247K, committed 5248K, reserved 1048576K
}
Event: 9.094 GC heap before
{Heap before GC invocations=12 (full 2):
 PSYoungGen      total 128512K, used 7216K [0x00000000eab00000, 0x00000000f3500000, 0x0000000100000000)
  eden space 117760K, 0% used [0x00000000eab00000,0x00000000eab00000,0x00000000f1e00000)
  from space 10752K, 67% used [0x00000000f2a80000,0x00000000f318c010,0x00000000f3500000)
  to   space 11776K, 0% used [0x00000000f1e00000,0x00000000f1e00000,0x00000000f2980000)
 ParOldGen       total 50688K, used 20304K [0x00000000c0000000, 0x00000000c3180000, 0x00000000eab00000)
  object space 50688K, 40% used [0x00000000c0000000,0x00000000c13d4138,0x00000000c3180000)
 Metaspace       used 34523K, capacity 35266K, committed 35416K, reserved 1079296K
  class space    used 4978K, capacity 5247K, committed 5248K, reserved 1048576K
Event: 9.386 GC heap after
Heap after GC invocations=12 (full 2):
 PSYoungGen      total 128512K, used 0K [0x00000000eab00000, 0x00000000f3500000, 0x0000000100000000)
  eden space 117760K, 0% used [0x00000000eab00000,0x00000000eab00000,0x00000000f1e00000)
  from space 10752K, 0% used [0x00000000f2a80000,0x00000000f2a80000,0x00000000f3500000)
  to   space 11776K, 0% used [0x00000000f1e00000,0x00000000f1e00000,0x00000000f2980000)
 ParOldGen       total 50688K, used 22284K [0x00000000c0000000, 0x00000000c3180000, 0x00000000eab00000)
  object space 50688K, 43% used [0x00000000c0000000,0x00000000c15c3368,0x00000000c3180000)
 Metaspace       used 34523K, capacity 35266K, committed 35416K, reserved 1079296K
  class space    used 4978K, capacity 5247K, committed 5248K, reserved 1048576K
}

